Dec  3 03:45:22 ** DGD 1.6.13 running GurbaLib-EvilMog v0.53.
Dec  3 03:45:22 ** Initializing...
Dec  3 03:45:22 ** BOOT: loading /kernel/daemons/secure_d
Dec  3 03:45:22 ** Registering security daemon : /kernel/daemons/secure_d
Dec  3 03:45:22 ** BOOT: loading /kernel/daemons/compiler_d
Dec  3 03:45:22 ** Registering compiler daemon : /kernel/daemons/compiler_d
Dec  3 03:45:22 ** BOOT: loading /kernel/daemons/error_d
Dec  3 03:45:22 ** Registering error daemon    : /kernel/daemons/error_d
Dec  3 03:45:22 ** Starting init_d
Dec  3 03:45:22 ** BOOT: loading /sys/daemons/init_d
Dec  3 03:45:22 ** Setting up events
Dec  3 03:45:22 ** BOOT: loading /daemons/event_d
Dec  3 03:45:22 ** Loading daemons
Dec  3 03:45:22 ** init: loading /daemons/schedule_d
Dec  3 03:45:22 ** BOOT: loading /daemons/schedule_d
Dec  3 03:45:22 ** init: loading /daemons/time_d
Dec  3 03:45:22 ** BOOT: loading /daemons/time_d
Dec  3 03:45:22 ** BOOT: loading /sys/daemons/domain_d
Dec  3 03:45:22 ** init: loading /sys/daemons/user_d
Dec  3 03:45:22 ** BOOT: loading /sys/daemons/user_d
Dec  3 03:45:22 ** init: loading /sys/daemons/command_d
Dec  3 03:45:22 ** BOOT: loading /sys/daemons/command_d
Dec  3 03:45:22 ** Rehashing command paths
Dec  3 03:45:22 ** /cmds/guild/fighter/		: 1
Dec  3 03:45:22 ** /cmds/monster/		: 2
Dec  3 03:45:22 ** /cmds/player/		: 72
Dec  3 03:45:22 ** /cmds/spells/		: 2
Dec  3 03:45:22 ** /sys/cmds/admin/		: 15
Dec  3 03:45:22 ** /sys/cmds/wiz/		: 57
Dec  3 03:45:22 ** Rehash done.
Dec  3 03:45:22 ** init: loading /daemons/channel_d
Dec  3 03:45:22 ** BOOT: loading /daemons/channel_d
Dec  3 03:45:22 ** init: loading /daemons/object_d
Dec  3 03:45:22 ** BOOT: loading /daemons/object_d
Dec  3 03:45:22 ** init: loading /daemons/skill_d
Dec  3 03:45:22 ** BOOT: loading /daemons/skill_d
Dec  3 03:45:22 ** init: loading /daemons/race_d
Dec  3 03:45:22 ** BOOT: loading /daemons/race_d
Dec  3 03:45:22 ** BOOT: loading /domains/required/objects/races/catfolk
Dec  3 03:45:22 ** BOOT: loading /domains/required/objects/races/dwarf
Dec  3 03:45:22 ** BOOT: loading /domains/required/objects/races/elf
Dec  3 03:45:22 ** BOOT: loading /domains/required/objects/races/fed
Dec  3 03:45:22 ** BOOT: loading /domains/required/objects/races/gnome
Dec  3 03:45:22 ** BOOT: loading /domains/required/objects/races/goon
Dec  3 03:45:22 ** BOOT: loading /domains/required/objects/races/hacker
Dec  3 03:45:22 ** BOOT: loading /domains/required/objects/races/half-giant
Dec  3 03:45:22 ** BOOT: loading /domains/required/objects/races/human
Dec  3 03:45:22 ** BOOT: loading /domains/required/objects/races/monsters/bear
Dec  3 03:45:22 ** BOOT: loading /domains/required/objects/races/monsters/beaver
Dec  3 03:45:22 ** BOOT: loading /domains/required/objects/races/monsters/chickadee
Dec  3 03:45:22 ** BOOT: loading /domains/required/objects/races/monsters/child
Dec  3 03:45:22 ** BOOT: loading /domains/required/objects/races/monsters/chipmunk
Dec  3 03:45:22 ** BOOT: loading /domains/required/objects/races/monsters/coyote
Dec  3 03:45:22 ** BOOT: loading /domains/required/objects/races/monsters/fox
Dec  3 03:45:22 ** BOOT: loading /domains/required/objects/races/monsters/gerbil
Dec  3 03:45:22 ** BOOT: loading /domains/required/objects/races/monsters/grouse
Dec  3 03:45:22 ** BOOT: loading /domains/required/objects/races/monsters/mole
Dec  3 03:45:22 ** BOOT: loading /domains/required/objects/races/monsters/nympho
Dec  3 03:45:22 ** BOOT: loading /domains/required/objects/races/monsters/porcupine
Dec  3 03:45:22 ** BOOT: loading /domains/required/objects/races/monsters/rabbit
Dec  3 03:45:22 ** BOOT: loading /domains/required/objects/races/monsters/raccoon
Dec  3 03:45:22 ** BOOT: loading /domains/required/objects/races/monsters/rodent
Dec  3 03:45:22 ** BOOT: loading /domains/required/objects/races/monsters/skunk
Dec  3 03:45:22 ** BOOT: loading /domains/required/objects/races/monsters/spectre
Dec  3 03:45:22 ** BOOT: loading /domains/required/objects/races/monsters/squirrel
Dec  3 03:45:22 ** BOOT: loading /domains/required/objects/races/monsters/unicorn
Dec  3 03:45:22 ** BOOT: loading /domains/required/objects/races/monsters/vuln
Dec  3 03:45:22 ** BOOT: loading /domains/required/objects/races/monsters/wolf
Dec  3 03:45:22 ** BOOT: loading /domains/required/objects/races/monsters/zombie
Dec  3 03:45:22 ** init: loading /daemons/ansi_d
Dec  3 03:45:22 ** BOOT: loading /daemons/ansi_d
Dec  3 03:45:22 ** init: loading /daemons/money_d
Dec  3 03:45:22 ** BOOT: loading /daemons/money_d
Dec  3 03:45:22 ** init: loading /sys/daemons/banish_d
Dec  3 03:45:22 ** BOOT: loading /sys/daemons/banish_d
Dec  3 03:45:22 ** init: loading /daemons/siteban_d
Dec  3 03:45:22 ** BOOT: loading /daemons/siteban_d
Dec  3 03:45:22 ** init: loading /daemons/guild_d
Dec  3 03:45:22 ** BOOT: loading /daemons/guild_d
Dec  3 03:45:22 ** init: loading /daemons/language_d
Dec  3 03:45:22 ** BOOT: loading /daemons/language_d
Dec  3 03:45:22 ** init: loading /daemons/emote_d
Dec  3 03:45:22 ** BOOT: loading /daemons/emote_d
Dec  3 03:45:22 ** init: loading /daemons/parse_d
Dec  3 03:45:22 ** BOOT: loading /daemons/parse_d
Dec  3 03:45:22 ** init: loading /daemons/quest_d
Dec  3 03:45:22 ** BOOT: loading /daemons/quest_d
Dec  3 03:45:22 ** init: loading /sys/daemons/linkdead_d
Dec  3 03:45:22 ** BOOT: loading /sys/daemons/linkdead_d
Dec  3 03:45:22 ** init: loading /domains/required/rooms/start
Dec  3 03:45:22 ** BOOT: loading /domains/required/rooms/start
Dec  3 03:45:22 ** BOOT: loading /domains/dungeon/objects/sign
Dec  3 03:45:22 ** BOOT: loading /sys/daemons/log_d
Dec  3 03:45:22 ** Done.
Dec  3 03:45:32 ** New telnet connection from <unknown>:0
Dec  3 03:45:32 ** Thu Dec  3 03:45:32 2020: DRIVER :/sys/obj/player.c, 726: syntax error
Dec  3 03:45:32 ** Access to /logs/errors/compile would have been denied, ignoring...
Dec  3 03:45:32 ** Failed to compile "/sys/obj/player.c"
Dec  3 03:45:32 ** Thu Dec  3 03:45:32 2020:Object: /kernel/sys/driver, program: /kernel/sys/driver, line 184
Dec  3 03:45:32 **  396 open              /sys/obj/user (#112)
Dec  3 03:45:32 **  385 _open             /sys/obj/user (#112)
Dec  3 03:45:32 **   41 clone_object      /kernel/lib/auto (/sys/obj/user#112)
Dec  3 03:45:32 **   33 compile_object    /kernel/lib/auto (/sys/obj/user#112)
Dec  3 03:45:32 **  184 compile_object    /kernel/sys/driver
Dec  3 03:45:32 ** Access to /logs/errors/runtime would have been denied, ignoring...
Dec  3 03:45:34 ** Bad argument 1 for kfun call_other
Dec  3 03:45:34 ** Thu Dec  3 03:45:34 2020:Object: /sys/obj/user#112, program: /sys/obj/user, line 548
Dec  3 03:45:34 **  559 receive_message   /sys/obj/user (#112)
Dec  3 03:45:34 **  170 receive           /sys/lib/telnet (/sys/obj/user#112)
Dec  3 03:45:34 **  548 _receive_message  /sys/obj/user (#112)
Dec  3 03:45:34 ** Access to /logs/errors/runtime would have been denied, ignoring...
Dec  3 03:45:35 ** Bad argument 1 for kfun call_other
Dec  3 03:45:35 ** Thu Dec  3 03:45:35 2020:Object: /sys/obj/user#112, program: /sys/obj/user, line 548
Dec  3 03:45:35 **  559 receive_message   /sys/obj/user (#112)
Dec  3 03:45:35 **  170 receive           /sys/lib/telnet (/sys/obj/user#112)
Dec  3 03:45:35 **  548 _receive_message  /sys/obj/user (#112)
Dec  3 03:45:35 ** Access to /logs/errors/runtime would have been denied, ignoring...
Dec  3 03:45:42 ** Bad argument 1 for kfun call_other
Dec  3 03:45:42 ** Thu Dec  3 03:45:42 2020:Object: /sys/obj/user#112, program: /sys/obj/user, line 407
Dec  3 03:45:42 **  418 close             /sys/obj/user (#112)
Dec  3 03:45:42 **  407 _close            /sys/obj/user (#112)
Dec  3 03:45:42 ** Access to /logs/errors/runtime would have been denied, ignoring...
Dec  3 03:46:11 ** New telnet connection from <unknown>:0
Dec  3 03:46:11 ** Thu Dec  3 03:46:11 2020: DRIVER :/sys/obj/player.c, 726: syntax error
Dec  3 03:46:11 ** Access to /logs/errors/compile would have been denied, ignoring...
Dec  3 03:46:11 ** Failed to compile "/sys/obj/player.c"
Dec  3 03:46:11 ** Thu Dec  3 03:46:11 2020:Object: /kernel/sys/driver, program: /kernel/sys/driver, line 184
Dec  3 03:46:11 **  396 open              /sys/obj/user (#132)
Dec  3 03:46:11 **  385 _open             /sys/obj/user (#132)
Dec  3 03:46:11 **   41 clone_object      /kernel/lib/auto (/sys/obj/user#132)
Dec  3 03:46:11 **   33 compile_object    /kernel/lib/auto (/sys/obj/user#132)
Dec  3 03:46:11 **  184 compile_object    /kernel/sys/driver
Dec  3 03:46:11 ** Access to /logs/errors/runtime would have been denied, ignoring...
Dec  3 03:46:13 ** Bad argument 1 for kfun call_other
Dec  3 03:46:13 ** Thu Dec  3 03:46:13 2020:Object: /sys/obj/user#132, program: /sys/obj/user, line 548
Dec  3 03:46:13 **  559 receive_message   /sys/obj/user (#132)
Dec  3 03:46:13 **  170 receive           /sys/lib/telnet (/sys/obj/user#132)
Dec  3 03:46:13 **  548 _receive_message  /sys/obj/user (#132)
Dec  3 03:46:13 ** Access to /logs/errors/runtime would have been denied, ignoring...
Dec  3 03:47:31 ** Bad argument 1 to destruct_object (needs object)
Dec  3 03:47:31 ** Thu Dec  3 03:47:31 2020:Object: /sys/obj/user#112, program: /sys/obj/user, line 423
Dec  3 03:47:31 **   21 _F_call_out       /kernel/lib/auto (/sys/obj/user#112)
Dec  3 03:47:31 **   15 _F_call_out2      /kernel/lib/auto (/sys/obj/user#112)
Dec  3 03:47:31 **  423 login_timeout     /sys/obj/user (#112)
Dec  3 03:47:31 ** Access to /logs/errors/runtime would have been denied, ignoring...
Dec  3 03:48:04 ** Bad argument 1 for kfun call_other
Dec  3 03:48:04 ** Thu Dec  3 03:48:04 2020:Object: /sys/obj/user#132, program: /sys/obj/user, line 407
Dec  3 03:48:04 **  418 close             /sys/obj/user (#132)
Dec  3 03:48:04 **  407 _close            /sys/obj/user (#132)
Dec  3 03:48:04 ** Access to /logs/errors/runtime would have been denied, ignoring...
Dec  3 03:48:05 ** New telnet connection from <unknown>:0
Dec  3 03:48:10 ** Bad argument 1 to destruct_object (needs object)
Dec  3 03:48:10 ** Thu Dec  3 03:48:10 2020:Object: /sys/obj/user#132, program: /sys/obj/user, line 423
Dec  3 03:48:10 **   21 _F_call_out       /kernel/lib/auto (/sys/obj/user#132)
Dec  3 03:48:10 **   15 _F_call_out2      /kernel/lib/auto (/sys/obj/user#132)
Dec  3 03:48:10 **  423 login_timeout     /sys/obj/user (#132)
Dec  3 03:48:10 ** Access to /logs/errors/runtime would have been denied, ignoring...
Dec  3 03:48:20 ** Access to /daemons/data/evil/dark_d.o would have been denied, ignoring...
Dec  3 03:48:20 ** Access to /daemons/data/evil/color_d.o would have been denied, ignoring...
Dec  3 04:27:49 ** New telnet connection from <unknown>:0
Dec  3 04:30:32 ** Invalid string range
Dec  3 04:30:32 ** Thu Dec  3 04:30:32 2020:Object: /cmds/player/help, program: /cmds/player/help, line 119
Dec  3 04:30:32 **  559 receive_message   /sys/obj/user (#135)
Dec  3 04:30:32 **  170 receive           /sys/lib/telnet (/sys/obj/user#135)
Dec  3 04:30:32 **  554 _receive_message  /sys/obj/user (#135)
Dec  3 04:30:32 ** 1639 receive_message   /sys/obj/player (#133)
Dec  3 04:30:32 **  155 command           /sys/lib/modules/m_cmds (/sys/obj/player#133)
Dec  3 04:30:32 **  156 exec_command      /sys/daemons/command_d
Dec  3 04:30:32 **   14 _main             /sys/lib/modules/m_command (/cmds/player/help)
Dec  3 04:30:32 **  119 main              /cmds/player/help
Dec  3 04:30:32 ** Access to /logs/errors/runtime would have been denied, ignoring...
Dec  3 04:30:34 ** Invalid string range
Dec  3 04:30:34 ** Thu Dec  3 04:30:34 2020:Object: /cmds/player/help, program: /cmds/player/help, line 119
Dec  3 04:30:34 **  559 receive_message   /sys/obj/user (#135)
Dec  3 04:30:34 **  170 receive           /sys/lib/telnet (/sys/obj/user#135)
Dec  3 04:30:34 **  554 _receive_message  /sys/obj/user (#135)
Dec  3 04:30:34 ** 1639 receive_message   /sys/obj/player (#133)
Dec  3 04:30:34 **  155 command           /sys/lib/modules/m_cmds (/sys/obj/player#133)
Dec  3 04:30:34 **  156 exec_command      /sys/daemons/command_d
Dec  3 04:30:34 **   14 _main             /sys/lib/modules/m_command (/cmds/player/help)
Dec  3 04:30:34 **  119 main              /cmds/player/help
Dec  3 04:30:34 ** Access to /logs/errors/runtime would have been denied, ignoring...
Dec  3 04:30:41 ** Invalid string range
Dec  3 04:30:41 ** Thu Dec  3 04:30:41 2020:Object: /cmds/player/help, program: /cmds/player/help, line 119
Dec  3 04:30:41 **  559 receive_message   /sys/obj/user (#135)
Dec  3 04:30:41 **  170 receive           /sys/lib/telnet (/sys/obj/user#135)
Dec  3 04:30:41 **  554 _receive_message  /sys/obj/user (#135)
Dec  3 04:30:41 ** 1639 receive_message   /sys/obj/player (#133)
Dec  3 04:30:41 **  155 command           /sys/lib/modules/m_cmds (/sys/obj/player#133)
Dec  3 04:30:41 **  156 exec_command      /sys/daemons/command_d
Dec  3 04:30:41 **   14 _main             /sys/lib/modules/m_command (/cmds/player/help)
Dec  3 04:30:41 **  119 main              /cmds/player/help
Dec  3 04:30:41 ** Access to /logs/errors/runtime would have been denied, ignoring...
Dec  3 04:31:04 ** Invalid string range
Dec  3 04:31:04 ** Thu Dec  3 04:31:04 2020:Object: /cmds/player/help, program: /cmds/player/help, line 119
Dec  3 04:31:04 **  559 receive_message   /sys/obj/user (#135)
Dec  3 04:31:04 **  170 receive           /sys/lib/telnet (/sys/obj/user#135)
Dec  3 04:31:04 **  554 _receive_message  /sys/obj/user (#135)
Dec  3 04:31:04 ** 1639 receive_message   /sys/obj/player (#133)
Dec  3 04:31:04 **  155 command           /sys/lib/modules/m_cmds (/sys/obj/player#133)
Dec  3 04:31:04 **  156 exec_command      /sys/daemons/command_d
Dec  3 04:31:04 **   14 _main             /sys/lib/modules/m_command (/cmds/player/help)
Dec  3 04:31:04 **  119 main              /cmds/player/help
Dec  3 04:31:04 ** Access to /logs/errors/runtime would have been denied, ignoring...
Dec  3 04:36:58 ** Invalid string range
Dec  3 04:36:58 ** Thu Dec  3 04:36:58 2020:Object: /cmds/player/help, program: /cmds/player/help, line 119
Dec  3 04:36:58 **  559 receive_message   /sys/obj/user (#135)
Dec  3 04:36:58 **  170 receive           /sys/lib/telnet (/sys/obj/user#135)
Dec  3 04:36:58 **  554 _receive_message  /sys/obj/user (#135)
Dec  3 04:36:58 ** 1639 receive_message   /sys/obj/player (#133)
Dec  3 04:36:58 **  155 command           /sys/lib/modules/m_cmds (/sys/obj/player#133)
Dec  3 04:36:58 **  156 exec_command      /sys/daemons/command_d
Dec  3 04:36:58 **   14 _main             /sys/lib/modules/m_command (/cmds/player/help)
Dec  3 04:36:58 **  119 main              /cmds/player/help
Dec  3 04:36:58 ** Access to /logs/errors/runtime would have been denied, ignoring...
Dec  3 04:37:13 ** Invalid string range
Dec  3 04:37:13 ** Thu Dec  3 04:37:13 2020:Object: /cmds/player/help, program: /cmds/player/help, line 119
Dec  3 04:37:13 **  559 receive_message   /sys/obj/user (#135)
Dec  3 04:37:13 **  170 receive           /sys/lib/telnet (/sys/obj/user#135)
Dec  3 04:37:13 **  554 _receive_message  /sys/obj/user (#135)
Dec  3 04:37:13 ** 1639 receive_message   /sys/obj/player (#133)
Dec  3 04:37:13 **  155 command           /sys/lib/modules/m_cmds (/sys/obj/player#133)
Dec  3 04:37:13 **  156 exec_command      /sys/daemons/command_d
Dec  3 04:37:13 **   14 _main             /sys/lib/modules/m_command (/cmds/player/help)
Dec  3 04:37:13 **  119 main              /cmds/player/help
Dec  3 04:37:13 ** Access to /logs/errors/runtime would have been denied, ignoring...
Dec  3 06:51:36 ** New telnet connection from <unknown>:0
Dec  3 06:51:58 ** New telnet connection from <unknown>:0
Dec  3 06:53:26 ** Access to /daemons/data/evil/vnum_d.o would have been denied, ignoring...
Dec  3 07:02:30 ** Thu Dec  3 07:02:30 2020:blinkingthing:/domains/woodland/obj/sign.c, 8: undefined function set_message_mxp
Dec  3 07:02:30 ** Access to /logs/errors/compile would have been denied, ignoring...
Dec  3 07:02:58 ** Access to /daemons/data/evil/mine_d.o would have been denied, ignoring...
Dec  3 07:04:50 ** String index out of range
Dec  3 07:04:50 ** Thu Dec  3 07:04:50 2020:Object: /cmds/player/chan, program: /cmds/player/chan, line 245
Dec  3 07:04:50 **  559 receive_message   /sys/obj/user (#104)
Dec  3 07:04:50 **  170 receive           /sys/lib/telnet (/sys/obj/user#104)
Dec  3 07:04:50 **  554 _receive_message  /sys/obj/user (#104)
Dec  3 07:04:50 ** 1658 receive_message   /sys/obj/player (#100)
Dec  3 07:04:50 **  155 command           /sys/lib/modules/m_cmds (/sys/obj/player#100)
Dec  3 07:04:50 **  156 exec_command      /sys/daemons/command_d
Dec  3 07:04:50 **   14 _main             /sys/lib/modules/m_command (/cmds/player/chan)
Dec  3 07:04:50 **  245 main              /cmds/player/chan
Dec  3 07:04:50 ** Access to /logs/errors/runtime would have been denied, ignoring...
Dec  3 07:05:09 ** String index out of range
Dec  3 07:05:09 ** Thu Dec  3 07:05:09 2020:Object: /cmds/player/chan, program: /cmds/player/chan, line 245
Dec  3 07:05:09 **  559 receive_message   /sys/obj/user (#104)
Dec  3 07:05:09 **  170 receive           /sys/lib/telnet (/sys/obj/user#104)
Dec  3 07:05:09 **  554 _receive_message  /sys/obj/user (#104)
Dec  3 07:05:09 ** 1658 receive_message   /sys/obj/player (#100)
Dec  3 07:05:09 **  155 command           /sys/lib/modules/m_cmds (/sys/obj/player#100)
Dec  3 07:05:09 **  156 exec_command      /sys/daemons/command_d
Dec  3 07:05:09 **   14 _main             /sys/lib/modules/m_command (/cmds/player/chan)
Dec  3 07:05:09 **  245 main              /cmds/player/chan
Dec  3 07:05:09 ** Access to /logs/errors/runtime would have been denied, ignoring...
Dec  3 07:14:46 ** Invalid string range
Dec  3 07:14:46 ** Thu Dec  3 07:14:46 2020:Object: /cmds/player/help, program: /cmds/player/help, line 119
Dec  3 07:14:46 **  559 receive_message   /sys/obj/user (#104)
Dec  3 07:14:46 **  170 receive           /sys/lib/telnet (/sys/obj/user#104)
Dec  3 07:14:46 **  554 _receive_message  /sys/obj/user (#104)
Dec  3 07:14:46 ** 1639 receive_message   /sys/obj/player (#100)
Dec  3 07:14:46 **  155 command           /sys/lib/modules/m_cmds (/sys/obj/player#100)
Dec  3 07:14:46 **  156 exec_command      /sys/daemons/command_d
Dec  3 07:14:46 **   14 _main             /sys/lib/modules/m_command (/cmds/player/help)
Dec  3 07:14:46 **  119 main              /cmds/player/help
Dec  3 07:14:46 ** Access to /logs/errors/runtime would have been denied, ignoring...
Dec  3 07:14:50 ** Invalid string range
Dec  3 07:14:50 ** Thu Dec  3 07:14:50 2020:Object: /cmds/player/help, program: /cmds/player/help, line 119
Dec  3 07:14:50 **  559 receive_message   /sys/obj/user (#104)
Dec  3 07:14:50 **  170 receive           /sys/lib/telnet (/sys/obj/user#104)
Dec  3 07:14:50 **  554 _receive_message  /sys/obj/user (#104)
Dec  3 07:14:50 ** 1639 receive_message   /sys/obj/player (#100)
Dec  3 07:14:50 **  155 command           /sys/lib/modules/m_cmds (/sys/obj/player#100)
Dec  3 07:14:50 **  156 exec_command      /sys/daemons/command_d
Dec  3 07:14:50 **   14 _main             /sys/lib/modules/m_command (/cmds/player/help)
Dec  3 07:14:50 **  119 main              /cmds/player/help
Dec  3 07:14:50 ** Access to /logs/errors/runtime would have been denied, ignoring...
Dec  3 07:25:31 ** Invalid string range
Dec  3 07:25:31 ** Thu Dec  3 07:25:31 2020:Object: /cmds/player/help, program: /cmds/player/help, line 119
Dec  3 07:25:31 **  559 receive_message   /sys/obj/user (#104)
Dec  3 07:25:31 **  170 receive           /sys/lib/telnet (/sys/obj/user#104)
Dec  3 07:25:31 **  554 _receive_message  /sys/obj/user (#104)
Dec  3 07:25:31 ** 1639 receive_message   /sys/obj/player (#100)
Dec  3 07:25:31 **  155 command           /sys/lib/modules/m_cmds (/sys/obj/player#100)
Dec  3 07:25:31 **  156 exec_command      /sys/daemons/command_d
Dec  3 07:25:31 **   14 _main             /sys/lib/modules/m_command (/cmds/player/help)
Dec  3 07:25:31 **  119 main              /cmds/player/help
Dec  3 07:25:31 ** Access to /logs/errors/runtime would have been denied, ignoring...
Dec  3 14:02:54 ** New telnet connection from <unknown>:0
Dec  3 22:40:05 ** New telnet connection from <unknown>:0
Dec  3 23:52:11 ** New telnet connection from <unknown>:0
Dec  4 07:37:09 ** New telnet connection from <unknown>:0
Dec  4 10:10:19 ** New telnet connection from <unknown>:0
Dec  4 13:26:50 ** New telnet connection from <unknown>:0
Dec  4 18:19:40 ** New telnet connection from <unknown>:0
Dec  4 18:41:41 ** New telnet connection from <unknown>:0
Dec  4 19:13:47 ** New telnet connection from <unknown>:0
Dec  4 19:35:50 ** New telnet connection from <unknown>:0
Dec  4 20:24:18 ** New telnet connection from <unknown>:0
Dec  4 20:27:42 ** New telnet connection from <unknown>:0
Dec  4 20:29:57 ** New telnet connection from <unknown>:0
